ERROR - 2026-02-17 22:29:09 --> mysqli_sql_exception: Column 'usuario_id' cannot be null in C:\xampp\htdocs\fernandez_oscar\system\Database\MySQLi\Connection.php:306
Stack trace:
#0 C:\xampp\htdocs\fernandez_oscar\system\Database\MySQLi\Connection.php(306): mysqli->query('INSERT INTO `ve...', 0)
#1 C:\xampp\htdocs\fernandez_oscar\system\Database\BaseConnection.php(693): CodeIgniter\Database\MySQLi\Connection->execute('INSERT INTO `ve...')
#2 C:\xampp\htdocs\fernandez_oscar\system\Database\BaseConnection.php(607): CodeIgniter\Database\BaseConnection->simpleQuery('INSERT INTO `ve...')
#3 C:\xampp\htdocs\fernandez_oscar\system\Database\BaseBuilder.php(2307): CodeIgniter\Database\BaseConnection->query('INSERT INTO `ve...', Array, false)
#4 C:\xampp\htdocs\fernandez_oscar\system\Model.php(326): CodeIgniter\Database\BaseBuilder->insert()
#5 C:\xampp\htdocs\fernandez_oscar\system\BaseModel.php(802): CodeIgniter\Model->doInsert(Array)
#6 C:\xampp\htdocs\fernandez_oscar\system\Model.php(744): CodeIgniter\BaseModel->insert(Array, false)
#7 C:\xampp\htdocs\fernandez_oscar\system\BaseModel.php(713): CodeIgniter\Model->insert(Array, false)
#8 C:\xampp\htdocs\fernandez_oscar\app\Controllers\Carrito_controller.php(344): CodeIgniter\BaseModel->save(Array)
#9 C:\xampp\htdocs\fernandez_oscar\system\CodeIgniter.php(941): App\Controllers\Carrito_controller->guarda_compra()
#10 C:\xampp\htdocs\fernandez_oscar\system\CodeIgniter.php(502): CodeIgniter\CodeIgniter->runController(Object(App\Controllers\Carrito_controller))
#11 C:\xampp\htdocs\fernandez_oscar\system\CodeIgniter.php(361): CodeIgniter\CodeIgniter->handleRequest(NULL, Object(Config\Cache), false)
#12 C:\xampp\htdocs\fernandez_oscar\index.php(79): CodeIgniter\CodeIgniter->run()
#13 {main}
ERROR - 2026-02-17 22:29:10 --> mysqli_sql_exception: Cannot add or update a child row: a foreign key constraint fails (`fernandez_oscar`.`ventas_detalle`, CONSTRAINT `ventas_detalle_ibfk_1` FOREIGN KEY (`venta_id`) REFERENCES `ventas_cabecera` (`id`)) in C:\xampp\htdocs\fernandez_oscar\system\Database\MySQLi\Connection.php:306
Stack trace:
#0 C:\xampp\htdocs\fernandez_oscar\system\Database\MySQLi\Connection.php(306): mysqli->query('INSERT INTO `ve...', 0)
#1 C:\xampp\htdocs\fernandez_oscar\system\Database\BaseConnection.php(693): CodeIgniter\Database\MySQLi\Connection->execute('INSERT INTO `ve...')
#2 C:\xampp\htdocs\fernandez_oscar\system\Database\BaseConnection.php(607): CodeIgniter\Database\BaseConnection->simpleQuery('INSERT INTO `ve...')
#3 C:\xampp\htdocs\fernandez_oscar\system\Database\BaseBuilder.php(2307): CodeIgniter\Database\BaseConnection->query('INSERT INTO `ve...', Array, false)
#4 C:\xampp\htdocs\fernandez_oscar\system\Model.php(326): CodeIgniter\Database\BaseBuilder->insert()
#5 C:\xampp\htdocs\fernandez_oscar\system\BaseModel.php(802): CodeIgniter\Model->doInsert(Array)
#6 C:\xampp\htdocs\fernandez_oscar\system\Model.php(744): CodeIgniter\BaseModel->insert(Array, false)
#7 C:\xampp\htdocs\fernandez_oscar\system\BaseModel.php(713): CodeIgniter\Model->insert(Array, false)
#8 C:\xampp\htdocs\fernandez_oscar\app\Controllers\Carrito_controller.php(356): CodeIgniter\BaseModel->save(Array)
#9 C:\xampp\htdocs\fernandez_oscar\system\CodeIgniter.php(941): App\Controllers\Carrito_controller->guarda_compra()
#10 C:\xampp\htdocs\fernandez_oscar\system\CodeIgniter.php(502): CodeIgniter\CodeIgniter->runController(Object(App\Controllers\Carrito_controller))
#11 C:\xampp\htdocs\fernandez_oscar\system\CodeIgniter.php(361): CodeIgniter\CodeIgniter->handleRequest(NULL, Object(Config\Cache), false)
#12 C:\xampp\htdocs\fernandez_oscar\index.php(79): CodeIgniter\CodeIgniter->run()
#13 {main}
ERROR - 2026-02-17 22:29:11 --> mysqli_sql_exception: Cannot add or update a child row: a foreign key constraint fails (`fernandez_oscar`.`ventas_detalle`, CONSTRAINT `ventas_detalle_ibfk_1` FOREIGN KEY (`venta_id`) REFERENCES `ventas_cabecera` (`id`)) in C:\xampp\htdocs\fernandez_oscar\system\Database\MySQLi\Connection.php:306
Stack trace:
#0 C:\xampp\htdocs\fernandez_oscar\system\Database\MySQLi\Connection.php(306): mysqli->query('INSERT INTO `ve...', 0)
#1 C:\xampp\htdocs\fernandez_oscar\system\Database\BaseConnection.php(693): CodeIgniter\Database\MySQLi\Connection->execute('INSERT INTO `ve...')
#2 C:\xampp\htdocs\fernandez_oscar\system\Database\BaseConnection.php(607): CodeIgniter\Database\BaseConnection->simpleQuery('INSERT INTO `ve...')
#3 C:\xampp\htdocs\fernandez_oscar\system\Database\BaseBuilder.php(2307): CodeIgniter\Database\BaseConnection->query('INSERT INTO `ve...', Array, false)
#4 C:\xampp\htdocs\fernandez_oscar\system\Model.php(326): CodeIgniter\Database\BaseBuilder->insert()
#5 C:\xampp\htdocs\fernandez_oscar\system\BaseModel.php(802): CodeIgniter\Model->doInsert(Array)
#6 C:\xampp\htdocs\fernandez_oscar\system\Model.php(744): CodeIgniter\BaseModel->insert(Array, false)
#7 C:\xampp\htdocs\fernandez_oscar\system\BaseModel.php(713): CodeIgniter\Model->insert(Array, false)
#8 C:\xampp\htdocs\fernandez_oscar\app\Controllers\Carrito_controller.php(356): CodeIgniter\BaseModel->save(Array)
#9 C:\xampp\htdocs\fernandez_oscar\system\CodeIgniter.php(941): App\Controllers\Carrito_controller->guarda_compra()
#10 C:\xampp\htdocs\fernandez_oscar\system\CodeIgniter.php(502): CodeIgniter\CodeIgniter->runController(Object(App\Controllers\Carrito_controller))
#11 C:\xampp\htdocs\fernandez_oscar\system\CodeIgniter.php(361): CodeIgniter\CodeIgniter->handleRequest(NULL, Object(Config\Cache), false)
#12 C:\xampp\htdocs\fernandez_oscar\index.php(79): CodeIgniter\CodeIgniter->run()
#13 {main}
ERROR - 2026-02-17 22:29:11 --> mysqli_sql_exception: Cannot add or update a child row: a foreign key constraint fails (`fernandez_oscar`.`ventas_detalle`, CONSTRAINT `ventas_detalle_ibfk_1` FOREIGN KEY (`venta_id`) REFERENCES `ventas_cabecera` (`id`)) in C:\xampp\htdocs\fernandez_oscar\system\Database\MySQLi\Connection.php:306
Stack trace:
#0 C:\xampp\htdocs\fernandez_oscar\system\Database\MySQLi\Connection.php(306): mysqli->query('INSERT INTO `ve...', 0)
#1 C:\xampp\htdocs\fernandez_oscar\system\Database\BaseConnection.php(693): CodeIgniter\Database\MySQLi\Connection->execute('INSERT INTO `ve...')
#2 C:\xampp\htdocs\fernandez_oscar\system\Database\BaseConnection.php(607): CodeIgniter\Database\BaseConnection->simpleQuery('INSERT INTO `ve...')
#3 C:\xampp\htdocs\fernandez_oscar\system\Database\BaseBuilder.php(2307): CodeIgniter\Database\BaseConnection->query('INSERT INTO `ve...', Array, false)
#4 C:\xampp\htdocs\fernandez_oscar\system\Model.php(326): CodeIgniter\Database\BaseBuilder->insert()
#5 C:\xampp\htdocs\fernandez_oscar\system\BaseModel.php(802): CodeIgniter\Model->doInsert(Array)
#6 C:\xampp\htdocs\fernandez_oscar\system\Model.php(744): CodeIgniter\BaseModel->insert(Array, false)
#7 C:\xampp\htdocs\fernandez_oscar\system\BaseModel.php(713): CodeIgniter\Model->insert(Array, false)
#8 C:\xampp\htdocs\fernandez_oscar\app\Controllers\Carrito_controller.php(356): CodeIgniter\BaseModel->save(Array)
#9 C:\xampp\htdocs\fernandez_oscar\system\CodeIgniter.php(941): App\Controllers\Carrito_controller->guarda_compra()
#10 C:\xampp\htdocs\fernandez_oscar\system\CodeIgniter.php(502): CodeIgniter\CodeIgniter->runController(Object(App\Controllers\Carrito_controller))
#11 C:\xampp\htdocs\fernandez_oscar\system\CodeIgniter.php(361): CodeIgniter\CodeIgniter->handleRequest(NULL, Object(Config\Cache), false)
#12 C:\xampp\htdocs\fernandez_oscar\index.php(79): CodeIgniter\CodeIgniter->run()
#13 {main}
CRITICAL - 2026-02-17 22:29:29 --> ErrorException: Undefined variable $total_venta
in APPPATH\Views\back\admin\facturacion_view.php on line 77.
 1 APPPATH\Views\back\admin\facturacion_view.php(77): CodeIgniter\Debug\Exceptions->errorHandler(2, 'Undefined variable $total_venta', 'C:\\xampp\\htdocs\\fernandez_oscar\\app\\Views\\back\\admin\\facturacion_view.php', 77)
 2 SYSTEMPATH\View\View.php(228): include('C:\\xampp\\htdocs\\fernandez_oscar\\app\\Views\\back\\admin\\facturacion_view.php')
 3 SYSTEMPATH\View\View.php(231): CodeIgniter\View\View->CodeIgniter\View\{closure}()
 4 SYSTEMPATH\Common.php(1178): CodeIgniter\View\View->render('back/admin/facturacion_view', [], true)
 5 APPPATH\Controllers\Carrito_controller.php(526): view('back/admin/facturacion_view', [...])
 6 SYSTEMPATH\CodeIgniter.php(941): App\Controllers\Carrito_controller->FacturaCliente('0')
 7 SYSTEMPATH\CodeIgniter.php(502): CodeIgniter\CodeIgniter->runController(Object(App\Controllers\Carrito_controller))
 8 SYSTEMPATH\CodeIgniter.php(361): CodeIgniter\CodeIgniter->handleRequest(null, Object(Config\Cache), false)
 9 FCPATH\index.php(79): CodeIgniter\CodeIgniter->run()
