CRITICAL - 2026-01-15 09:19:50 --> ErrorException: preg_replace_callback(): Allocation of JIT memory failed, PCRE JIT will be disabled. This is likely caused by security restrictions. Either grant PHP permission to allocate executable memory, or set pcre.jit=0
in SYSTEMPATH\HTTP\URI.php on line 1019.
 1 [internal function]: CodeIgniter\Debug\Exceptions->errorHandler(2, 'preg_replace_callback(): Allocation of JIT memory failed, PCRE JIT will be disabled. This is likely caused by security restrictions. Either grant PHP permission to allocate executable memory, or set pcre.jit=0', 'C:\\xampp\\htdocs\\fernandez_oscar\\system\\HTTP\\URI.php', 1019)
 2 SYSTEMPATH\HTTP\URI.php(1019): preg_replace_callback('/(?:[^a-zA-Z0-9_\\-\\.~:@&=\\+\\$,\\/;%]+|%(?![A-Fa-f0-9]{2}))/', Object(Closure), '/fernandez_oscar/')
 3 SYSTEMPATH\HTTP\URI.php(1042): CodeIgniter\HTTP\URI->filterPath('/fernandez_oscar/')
 4 SYSTEMPATH\HTTP\URI.php(312): CodeIgniter\HTTP\URI->applyParts([...])
 5 SYSTEMPATH\HTTP\URI.php(256): CodeIgniter\HTTP\URI->setURI('http://localhost/fernandez_oscar/')
 6 SYSTEMPATH\HTTP\SiteURI.php(147): CodeIgniter\HTTP\URI->__construct('http://localhost/fernandez_oscar/')
 7 SYSTEMPATH\HTTP\SiteURI.php(100): CodeIgniter\HTTP\SiteURI->determineBaseURL(Object(Config\App), null, null)
 8 SYSTEMPATH\HTTP\SiteURIFactory.php(224): CodeIgniter\HTTP\SiteURI->__construct(Object(Config\App), '/', null)
 9 SYSTEMPATH\HTTP\SiteURIFactory.php(45): CodeIgniter\HTTP\SiteURIFactory->createURIFromRoutePath('/')
10 SYSTEMPATH\Config\Services.php(799): CodeIgniter\HTTP\SiteURIFactory->createFromGlobals()
11 SYSTEMPATH\Config\BaseService.php(258): CodeIgniter\Config\Services::uri(null, false)
12 SYSTEMPATH\Config\BaseService.php(199): CodeIgniter\Config\BaseService::__callStatic('uri', [...])
13 SYSTEMPATH\Config\Services.php(792): CodeIgniter\Config\BaseService::getSharedInstance('uri', null)
14 SYSTEMPATH\Config\BaseService.php(258): CodeIgniter\Config\Services::uri()
15 SYSTEMPATH\Config\Services.php(566): CodeIgniter\Config\BaseService::__callStatic('uri', [])
16 SYSTEMPATH\Config\BaseService.php(258): CodeIgniter\Config\Services::incomingrequest(Object(Config\App), false)
17 SYSTEMPATH\Config\Services.php(524): CodeIgniter\Config\BaseService::__callStatic('incomingrequest', [...])
18 SYSTEMPATH\Config\BaseService.php(258): CodeIgniter\Config\Services::request(Object(Config\App), false)
19 SYSTEMPATH\Config\BaseService.php(199): CodeIgniter\Config\BaseService::__callStatic('request', [...])
20 SYSTEMPATH\Config\Services.php(559): CodeIgniter\Config\BaseService::getSharedInstance('request', Object(Config\App))
21 SYSTEMPATH\Config\BaseService.php(258): CodeIgniter\Config\Services::incomingrequest(Object(Config\App))
22 SYSTEMPATH\Config\Services.php(539): CodeIgniter\Config\BaseService::__callStatic('incomingrequest', [...])
23 SYSTEMPATH\Config\BaseService.php(258): CodeIgniter\Config\Services::createRequest(Object(Config\App))
24 SYSTEMPATH\CodeIgniter.php(655): CodeIgniter\Config\BaseService::__callStatic('createRequest', [...])
25 SYSTEMPATH\CodeIgniter.php(355): CodeIgniter\CodeIgniter->getRequestObject()
26 FCPATH\index.php(79): CodeIgniter\CodeIgniter->run()
