CRITICAL - 2024-06-17 12:14:55 --> ErrorException: Undefined array key "id"
in APPPATH\Views\back\usuario\usuarios_view.php on line 51.
 1 APPPATH\Views\back\usuario\usuarios_view.php(51): CodeIgniter\Debug\Exceptions->errorHandler(2, 'Undefined array key "id"', 'C:\\xampp\\htdocs\\fernandez_oscar\\app\\Views\\back\\usuario\\usuarios_view.php', 51)
 2 SYSTEMPATH\View\View.php(228): include('C:\\xampp\\htdocs\\fernandez_oscar\\app\\Views\\back\\usuario\\usuarios_view.php')
 3 SYSTEMPATH\View\View.php(231): CodeIgniter\View\View->CodeIgniter\View\{closure}()
 4 SYSTEMPATH\Common.php(1178): CodeIgniter\View\View->render('back/usuario/usuarios_view', [], true)
 5 APPPATH\Controllers\Datatable_controller.php(17): view('back/usuario/usuarios_view', [...])
 6 SYSTEMPATH\CodeIgniter.php(941): App\Controllers\Datatable_controller->index()
 7 SYSTEMPATH\CodeIgniter.php(502): CodeIgniter\CodeIgniter->runController(Object(App\Controllers\Datatable_controller))
 8 SYSTEMPATH\CodeIgniter.php(361): CodeIgniter\CodeIgniter->handleRequest(null, Object(Config\Cache), false)
 9 FCPATH\index.php(79): CodeIgniter\CodeIgniter->run()
CRITICAL - 2024-06-17 12:15:52 --> ErrorException: Undefined array key "id"
in APPPATH\Views\back\usuario\usuarios_view.php on line 51.
 1 APPPATH\Views\back\usuario\usuarios_view.php(51): CodeIgniter\Debug\Exceptions->errorHandler(2, 'Undefined array key "id"', 'C:\\xampp\\htdocs\\fernandez_oscar\\app\\Views\\back\\usuario\\usuarios_view.php', 51)
 2 SYSTEMPATH\View\View.php(228): include('C:\\xampp\\htdocs\\fernandez_oscar\\app\\Views\\back\\usuario\\usuarios_view.php')
 3 SYSTEMPATH\View\View.php(231): CodeIgniter\View\View->CodeIgniter\View\{closure}()
 4 SYSTEMPATH\Common.php(1178): CodeIgniter\View\View->render('back/usuario/usuarios_view', [], true)
 5 APPPATH\Controllers\Datatable_controller.php(17): view('back/usuario/usuarios_view', [...])
 6 SYSTEMPATH\CodeIgniter.php(941): App\Controllers\Datatable_controller->index()
 7 SYSTEMPATH\CodeIgniter.php(502): CodeIgniter\CodeIgniter->runController(Object(App\Controllers\Datatable_controller))
 8 SYSTEMPATH\CodeIgniter.php(361): CodeIgniter\CodeIgniter->handleRequest(null, Object(Config\Cache), false)
 9 FCPATH\index.php(79): CodeIgniter\CodeIgniter->run()
ERROR - 2024-06-17 12:40:41 --> mysqli_sql_exception: Unknown column 'id' in 'where clause' in C:\xampp\htdocs\fernandez_oscar\system\Database\MySQLi\Connection.php:306
Stack trace:
#0 C:\xampp\htdocs\fernandez_oscar\system\Database\MySQLi\Connection.php(306): mysqli->query('SELECT *\nFROM `...', 0)
#1 C:\xampp\htdocs\fernandez_oscar\system\Database\BaseConnection.php(693): CodeIgniter\Database\MySQLi\Connection->execute('SELECT *\nFROM `...')
#2 C:\xampp\htdocs\fernandez_oscar\system\Database\BaseConnection.php(607): CodeIgniter\Database\BaseConnection->simpleQuery('SELECT *\nFROM `...')
#3 C:\xampp\htdocs\fernandez_oscar\system\Database\BaseBuilder.php(1616): CodeIgniter\Database\BaseConnection->query('SELECT *\nFROM `...', Array, false)
#4 C:\xampp\htdocs\fernandez_oscar\system\Model.php(270): CodeIgniter\Database\BaseBuilder->get()
#5 C:\xampp\htdocs\fernandez_oscar\system\BaseModel.php(676): CodeIgniter\Model->doFirst()
#6 C:\xampp\htdocs\fernandez_oscar\app\Models\usuario_Model.php(13): CodeIgniter\BaseModel->first('6')
#7 C:\xampp\htdocs\fernandez_oscar\app\Controllers\Datatable_controller.php(25): App\Models\usuario_Model->getUsuario('6')
#8 C:\xampp\htdocs\fernandez_oscar\system\CodeIgniter.php(941): App\Controllers\Datatable_controller->editar('6')
#9 C:\xampp\htdocs\fernandez_oscar\system\CodeIgniter.php(502): CodeIgniter\CodeIgniter->runController(Object(App\Controllers\Datatable_controller))
#10 C:\xampp\htdocs\fernandez_oscar\system\CodeIgniter.php(361): CodeIgniter\CodeIgniter->handleRequest(NULL, Object(Config\Cache), false)
#11 C:\xampp\htdocs\fernandez_oscar\index.php(79): CodeIgniter\CodeIgniter->run()
#12 {main}
CRITICAL - 2024-06-17 12:40:41 --> Error: Call to a member function getFirstRow() on bool
in SYSTEMPATH\Model.php on line 270.
 1 SYSTEMPATH\BaseModel.php(676): CodeIgniter\Model->doFirst()
 2 APPPATH\Models\usuario_Model.php(13): CodeIgniter\BaseModel->first('6')
 3 APPPATH\Controllers\Datatable_controller.php(25): App\Models\usuario_Model->getUsuario('6')
 4 SYSTEMPATH\CodeIgniter.php(941): App\Controllers\Datatable_controller->editar('6')
 5 SYSTEMPATH\CodeIgniter.php(502): CodeIgniter\CodeIgniter->runController(Object(App\Controllers\Datatable_controller))
 6 SYSTEMPATH\CodeIgniter.php(361): CodeIgniter\CodeIgniter->handleRequest(null, Object(Config\Cache), false)
 7 FCPATH\index.php(79): CodeIgniter\CodeIgniter->run()
CRITICAL - 2024-06-17 12:46:00 --> ErrorException: Undefined array key "telefono"
in APPPATH\Views\back\admin\editarUsuarios_view.php on line 61.
 1 APPPATH\Views\back\admin\editarUsuarios_view.php(61): CodeIgniter\Debug\Exceptions->errorHandler(2, 'Undefined array key "telefono"', 'C:\\xampp\\htdocs\\fernandez_oscar\\app\\Views\\back\\admin\\editarUsuarios_view.php', 61)
 2 SYSTEMPATH\View\View.php(228): include('C:\\xampp\\htdocs\\fernandez_oscar\\app\\Views\\back\\admin\\editarUsuarios_view.php')
 3 SYSTEMPATH\View\View.php(231): CodeIgniter\View\View->CodeIgniter\View\{closure}()
 4 SYSTEMPATH\Common.php(1178): CodeIgniter\View\View->render('back/admin/editarUsuarios_view', [], true)
 5 APPPATH\Controllers\Datatable_controller.php(29): view('back/admin/editarUsuarios_view', [...])
 6 SYSTEMPATH\CodeIgniter.php(941): App\Controllers\Datatable_controller->editar('6')
 7 SYSTEMPATH\CodeIgniter.php(502): CodeIgniter\CodeIgniter->runController(Object(App\Controllers\Datatable_controller))
 8 SYSTEMPATH\CodeIgniter.php(361): CodeIgniter\CodeIgniter->handleRequest(null, Object(Config\Cache), false)
 9 FCPATH\index.php(79): CodeIgniter\CodeIgniter->run()
CRITICAL - 2024-06-17 12:56:31 --> ErrorException: Undefined array key "id"
in APPPATH\Views\back\admin\editarUsuarios_view.php on line 108.
 1 APPPATH\Views\back\admin\editarUsuarios_view.php(108): CodeIgniter\Debug\Exceptions->errorHandler(2, 'Undefined array key "id"', 'C:\\xampp\\htdocs\\fernandez_oscar\\app\\Views\\back\\admin\\editarUsuarios_view.php', 108)
 2 SYSTEMPATH\View\View.php(228): include('C:\\xampp\\htdocs\\fernandez_oscar\\app\\Views\\back\\admin\\editarUsuarios_view.php')
 3 SYSTEMPATH\View\View.php(231): CodeIgniter\View\View->CodeIgniter\View\{closure}()
 4 SYSTEMPATH\Common.php(1178): CodeIgniter\View\View->render('back/admin/editarUsuarios_view', [], true)
 5 APPPATH\Controllers\Datatable_controller.php(29): view('back/admin/editarUsuarios_view', [...])
 6 SYSTEMPATH\CodeIgniter.php(941): App\Controllers\Datatable_controller->editar('6')
 7 SYSTEMPATH\CodeIgniter.php(502): CodeIgniter\CodeIgniter->runController(Object(App\Controllers\Datatable_controller))
 8 SYSTEMPATH\CodeIgniter.php(361): CodeIgniter\CodeIgniter->handleRequest(null, Object(Config\Cache), false)
 9 FCPATH\index.php(79): CodeIgniter\CodeIgniter->run()
CRITICAL - 2024-06-17 13:11:57 --> ErrorException: Undefined array key "id"
in APPPATH\Views\back\admin\listUsEliminados_view.php on line 45.
 1 APPPATH\Views\back\admin\listUsEliminados_view.php(45): CodeIgniter\Debug\Exceptions->errorHandler(2, 'Undefined array key "id"', 'C:\\xampp\\htdocs\\fernandez_oscar\\app\\Views\\back\\admin\\listUsEliminados_view.php', 45)
 2 SYSTEMPATH\View\View.php(228): include('C:\\xampp\\htdocs\\fernandez_oscar\\app\\Views\\back\\admin\\listUsEliminados_view.php')
 3 SYSTEMPATH\View\View.php(231): CodeIgniter\View\View->CodeIgniter\View\{closure}()
 4 SYSTEMPATH\Common.php(1178): CodeIgniter\View\View->render('back/admin/listUsEliminados_view', [], true)
 5 APPPATH\Controllers\usuario_controller.php(67): view('back/admin/listUsEliminados_view', [...])
 6 SYSTEMPATH\CodeIgniter.php(941): App\Controllers\usuario_controller->usuariosEliminados()
 7 SYSTEMPATH\CodeIgniter.php(502): CodeIgniter\CodeIgniter->runController(Object(App\Controllers\usuario_controller))
 8 SYSTEMPATH\CodeIgniter.php(361): CodeIgniter\CodeIgniter->handleRequest(null, Object(Config\Cache), false)
 9 FCPATH\index.php(79): CodeIgniter\CodeIgniter->run()
CRITICAL - 2024-06-17 14:07:10 --> ErrorException: Undefined array key "nombre"
in APPPATH\Views\back\admin\productos_view.php on line 36.
 1 APPPATH\Views\back\admin\productos_view.php(36): CodeIgniter\Debug\Exceptions->errorHandler(2, 'Undefined array key "nombre"', 'C:\\xampp\\htdocs\\fernandez_oscar\\app\\Views\\back\\admin\\productos_view.php', 36)
 2 SYSTEMPATH\View\View.php(228): include('C:\\xampp\\htdocs\\fernandez_oscar\\app\\Views\\back\\admin\\productos_view.php')
 3 SYSTEMPATH\View\View.php(231): CodeIgniter\View\View->CodeIgniter\View\{closure}()
 4 SYSTEMPATH\Common.php(1178): CodeIgniter\View\View->render('back/admin/productos_view', [], true)
 5 APPPATH\Controllers\producto_controller.php(79): view('back/admin/productos_view', [...])
 6 SYSTEMPATH\CodeIgniter.php(941): App\Controllers\Producto_controller->ListaProductos()
 7 SYSTEMPATH\CodeIgniter.php(502): CodeIgniter\CodeIgniter->runController(Object(App\Controllers\Producto_controller))
 8 SYSTEMPATH\CodeIgniter.php(361): CodeIgniter\CodeIgniter->handleRequest(null, Object(Config\Cache), false)
 9 FCPATH\index.php(79): CodeIgniter\CodeIgniter->run()
CRITICAL - 2024-06-17 14:10:35 --> ErrorException: Undefined array key "id"
in APPPATH\Views\back\admin\productos_view.php on line 57.
 1 APPPATH\Views\back\admin\productos_view.php(57): CodeIgniter\Debug\Exceptions->errorHandler(2, 'Undefined array key "id"', 'C:\\xampp\\htdocs\\fernandez_oscar\\app\\Views\\back\\admin\\productos_view.php', 57)
 2 SYSTEMPATH\View\View.php(228): include('C:\\xampp\\htdocs\\fernandez_oscar\\app\\Views\\back\\admin\\productos_view.php')
 3 SYSTEMPATH\View\View.php(231): CodeIgniter\View\View->CodeIgniter\View\{closure}()
 4 SYSTEMPATH\Common.php(1178): CodeIgniter\View\View->render('back/admin/productos_view', [], true)
 5 APPPATH\Controllers\producto_controller.php(79): view('back/admin/productos_view', [...])
 6 SYSTEMPATH\CodeIgniter.php(941): App\Controllers\Producto_controller->ListaProductos()
 7 SYSTEMPATH\CodeIgniter.php(502): CodeIgniter\CodeIgniter->runController(Object(App\Controllers\Producto_controller))
 8 SYSTEMPATH\CodeIgniter.php(361): CodeIgniter\CodeIgniter->handleRequest(null, Object(Config\Cache), false)
 9 FCPATH\index.php(79): CodeIgniter\CodeIgniter->run()
ERROR - 2024-06-17 14:17:39 --> mysqli_sql_exception: Unknown column 'id' in 'where clause' in C:\xampp\htdocs\fernandez_oscar\system\Database\MySQLi\Connection.php:306
Stack trace:
#0 C:\xampp\htdocs\fernandez_oscar\system\Database\MySQLi\Connection.php(306): mysqli->query('SELECT *\nFROM `...', 0)
#1 C:\xampp\htdocs\fernandez_oscar\system\Database\BaseConnection.php(693): CodeIgniter\Database\MySQLi\Connection->execute('SELECT *\nFROM `...')
#2 C:\xampp\htdocs\fernandez_oscar\system\Database\BaseConnection.php(607): CodeIgniter\Database\BaseConnection->simpleQuery('SELECT *\nFROM `...')
#3 C:\xampp\htdocs\fernandez_oscar\system\Database\BaseBuilder.php(1616): CodeIgniter\Database\BaseConnection->query('SELECT *\nFROM `...', Array, false)
#4 C:\xampp\htdocs\fernandez_oscar\system\Model.php(270): CodeIgniter\Database\BaseBuilder->get()
#5 C:\xampp\htdocs\fernandez_oscar\system\BaseModel.php(676): CodeIgniter\Model->doFirst()
#6 C:\xampp\htdocs\fernandez_oscar\app\Models\producto_Model.php(25): CodeIgniter\BaseModel->first('1')
#7 C:\xampp\htdocs\fernandez_oscar\app\Controllers\producto_controller.php(99): App\Models\producto_Model->getProducto('1')
#8 C:\xampp\htdocs\fernandez_oscar\system\CodeIgniter.php(941): App\Controllers\Producto_controller->getProductoEdit('1')
#9 C:\xampp\htdocs\fernandez_oscar\system\CodeIgniter.php(502): CodeIgniter\CodeIgniter->runController(Object(App\Controllers\Producto_controller))
#10 C:\xampp\htdocs\fernandez_oscar\system\CodeIgniter.php(361): CodeIgniter\CodeIgniter->handleRequest(NULL, Object(Config\Cache), false)
#11 C:\xampp\htdocs\fernandez_oscar\index.php(79): CodeIgniter\CodeIgniter->run()
#12 {main}
CRITICAL - 2024-06-17 14:17:39 --> Error: Call to a member function getFirstRow() on bool
in SYSTEMPATH\Model.php on line 270.
 1 SYSTEMPATH\BaseModel.php(676): CodeIgniter\Model->doFirst()
 2 APPPATH\Models\producto_Model.php(25): CodeIgniter\BaseModel->first('1')
 3 APPPATH\Controllers\producto_controller.php(99): App\Models\producto_Model->getProducto('1')
 4 SYSTEMPATH\CodeIgniter.php(941): App\Controllers\Producto_controller->getProductoEdit('1')
 5 SYSTEMPATH\CodeIgniter.php(502): CodeIgniter\CodeIgniter->runController(Object(App\Controllers\Producto_controller))
 6 SYSTEMPATH\CodeIgniter.php(361): CodeIgniter\CodeIgniter->handleRequest(null, Object(Config\Cache), false)
 7 FCPATH\index.php(79): CodeIgniter\CodeIgniter->run()
ERROR - 2024-06-17 14:29:40 --> mysqli_sql_exception: Unknown column 'id' in 'where clause' in C:\xampp\htdocs\fernandez_oscar\system\Database\MySQLi\Connection.php:306
Stack trace:
#0 C:\xampp\htdocs\fernandez_oscar\system\Database\MySQLi\Connection.php(306): mysqli->query('SELECT *\nFROM `...', 0)
#1 C:\xampp\htdocs\fernandez_oscar\system\Database\BaseConnection.php(693): CodeIgniter\Database\MySQLi\Connection->execute('SELECT *\nFROM `...')
#2 C:\xampp\htdocs\fernandez_oscar\system\Database\BaseConnection.php(607): CodeIgniter\Database\BaseConnection->simpleQuery('SELECT *\nFROM `...')
#3 C:\xampp\htdocs\fernandez_oscar\system\Database\BaseBuilder.php(1616): CodeIgniter\Database\BaseConnection->query('SELECT *\nFROM `...', Array, false)
#4 C:\xampp\htdocs\fernandez_oscar\system\Model.php(270): CodeIgniter\Database\BaseBuilder->get()
#5 C:\xampp\htdocs\fernandez_oscar\system\BaseModel.php(676): CodeIgniter\Model->doFirst()
#6 C:\xampp\htdocs\fernandez_oscar\app\Models\producto_Model.php(25): CodeIgniter\BaseModel->first('1')
#7 C:\xampp\htdocs\fernandez_oscar\app\Controllers\producto_controller.php(99): App\Models\producto_Model->getProducto('1')
#8 C:\xampp\htdocs\fernandez_oscar\system\CodeIgniter.php(941): App\Controllers\Producto_controller->getProductoEdit('1')
#9 C:\xampp\htdocs\fernandez_oscar\system\CodeIgniter.php(502): CodeIgniter\CodeIgniter->runController(Object(App\Controllers\Producto_controller))
#10 C:\xampp\htdocs\fernandez_oscar\system\CodeIgniter.php(361): CodeIgniter\CodeIgniter->handleRequest(NULL, Object(Config\Cache), false)
#11 C:\xampp\htdocs\fernandez_oscar\index.php(79): CodeIgniter\CodeIgniter->run()
#12 {main}
CRITICAL - 2024-06-17 14:29:40 --> Error: Call to a member function getFirstRow() on bool
in SYSTEMPATH\Model.php on line 270.
 1 SYSTEMPATH\BaseModel.php(676): CodeIgniter\Model->doFirst()
 2 APPPATH\Models\producto_Model.php(25): CodeIgniter\BaseModel->first('1')
 3 APPPATH\Controllers\producto_controller.php(99): App\Models\producto_Model->getProducto('1')
 4 SYSTEMPATH\CodeIgniter.php(941): App\Controllers\Producto_controller->getProductoEdit('1')
 5 SYSTEMPATH\CodeIgniter.php(502): CodeIgniter\CodeIgniter->runController(Object(App\Controllers\Producto_controller))
 6 SYSTEMPATH\CodeIgniter.php(361): CodeIgniter\CodeIgniter->handleRequest(null, Object(Config\Cache), false)
 7 FCPATH\index.php(79): CodeIgniter\CodeIgniter->run()
CRITICAL - 2024-06-17 15:01:17 --> ErrorException: Undefined array key "nombre"
in APPPATH\Views\back\admin\editarProducto_view.php on line 20.
 1 APPPATH\Views\back\admin\editarProducto_view.php(20): CodeIgniter\Debug\Exceptions->errorHandler(2, 'Undefined array key "nombre"', 'C:\\xampp\\htdocs\\fernandez_oscar\\app\\Views\\back\\admin\\editarProducto_view.php', 20)
 2 SYSTEMPATH\View\View.php(228): include('C:\\xampp\\htdocs\\fernandez_oscar\\app\\Views\\back\\admin\\editarProducto_view.php')
 3 SYSTEMPATH\View\View.php(231): CodeIgniter\View\View->CodeIgniter\View\{closure}()
 4 SYSTEMPATH\Common.php(1178): CodeIgniter\View\View->render('back/admin/editarProducto_view', [], true)
 5 APPPATH\Controllers\producto_controller.php(103): view('back/admin/editarProducto_view', [...])
 6 SYSTEMPATH\CodeIgniter.php(941): App\Controllers\Producto_controller->getProductoEdit('1')
 7 SYSTEMPATH\CodeIgniter.php(502): CodeIgniter\CodeIgniter->runController(Object(App\Controllers\Producto_controller))
 8 SYSTEMPATH\CodeIgniter.php(361): CodeIgniter\CodeIgniter->handleRequest(null, Object(Config\Cache), false)
 9 FCPATH\index.php(79): CodeIgniter\CodeIgniter->run()
CRITICAL - 2024-06-17 15:06:45 --> ErrorException: Undefined array key "descripcion"
in APPPATH\Views\back\admin\editarProducto_view.php on line 30.
 1 APPPATH\Views\back\admin\editarProducto_view.php(30): CodeIgniter\Debug\Exceptions->errorHandler(2, 'Undefined array key "descripcion"', 'C:\\xampp\\htdocs\\fernandez_oscar\\app\\Views\\back\\admin\\editarProducto_view.php', 30)
 2 SYSTEMPATH\View\View.php(228): include('C:\\xampp\\htdocs\\fernandez_oscar\\app\\Views\\back\\admin\\editarProducto_view.php')
 3 SYSTEMPATH\View\View.php(231): CodeIgniter\View\View->CodeIgniter\View\{closure}()
 4 SYSTEMPATH\Common.php(1178): CodeIgniter\View\View->render('back/admin/editarProducto_view', [], true)
 5 APPPATH\Controllers\producto_controller.php(103): view('back/admin/editarProducto_view', [...])
 6 SYSTEMPATH\CodeIgniter.php(941): App\Controllers\Producto_controller->getProductoEdit('1')
 7 SYSTEMPATH\CodeIgniter.php(502): CodeIgniter\CodeIgniter->runController(Object(App\Controllers\Producto_controller))
 8 SYSTEMPATH\CodeIgniter.php(361): CodeIgniter\CodeIgniter->handleRequest(null, Object(Config\Cache), false)
 9 FCPATH\index.php(79): CodeIgniter\CodeIgniter->run()
CRITICAL - 2024-06-17 15:09:49 --> ErrorException: Undefined array key "nombre"
in APPPATH\Views\back\admin\listProd_Eliminados_view.php on line 30.
 1 APPPATH\Views\back\admin\listProd_Eliminados_view.php(30): CodeIgniter\Debug\Exceptions->errorHandler(2, 'Undefined array key "nombre"', 'C:\\xampp\\htdocs\\fernandez_oscar\\app\\Views\\back\\admin\\listProd_Eliminados_view.php', 30)
 2 SYSTEMPATH\View\View.php(228): include('C:\\xampp\\htdocs\\fernandez_oscar\\app\\Views\\back\\admin\\listProd_Eliminados_view.php')
 3 SYSTEMPATH\View\View.php(231): CodeIgniter\View\View->CodeIgniter\View\{closure}()
 4 SYSTEMPATH\Common.php(1178): CodeIgniter\View\View->render('back/Admin/listProd_Eliminados_view', [], true)
 5 APPPATH\Controllers\producto_controller.php(210): view('back/Admin/listProd_Eliminados_view', [...])
 6 SYSTEMPATH\CodeIgniter.php(941): App\Controllers\Producto_controller->ListaProductosElim()
 7 SYSTEMPATH\CodeIgniter.php(502): CodeIgniter\CodeIgniter->runController(Object(App\Controllers\Producto_controller))
 8 SYSTEMPATH\CodeIgniter.php(361): CodeIgniter\CodeIgniter->handleRequest(null, Object(Config\Cache), false)
 9 FCPATH\index.php(79): CodeIgniter\CodeIgniter->run()
CRITICAL - 2024-06-17 15:10:53 --> ErrorException: Undefined array key "id"
in APPPATH\Views\back\admin\listProd_Eliminados_view.php on line 51.
 1 APPPATH\Views\back\admin\listProd_Eliminados_view.php(51): CodeIgniter\Debug\Exceptions->errorHandler(2, 'Undefined array key "id"', 'C:\\xampp\\htdocs\\fernandez_oscar\\app\\Views\\back\\admin\\listProd_Eliminados_view.php', 51)
 2 SYSTEMPATH\View\View.php(228): include('C:\\xampp\\htdocs\\fernandez_oscar\\app\\Views\\back\\admin\\listProd_Eliminados_view.php')
 3 SYSTEMPATH\View\View.php(231): CodeIgniter\View\View->CodeIgniter\View\{closure}()
 4 SYSTEMPATH\Common.php(1178): CodeIgniter\View\View->render('back/Admin/listProd_Eliminados_view', [], true)
 5 APPPATH\Controllers\producto_controller.php(210): view('back/Admin/listProd_Eliminados_view', [...])
 6 SYSTEMPATH\CodeIgniter.php(941): App\Controllers\Producto_controller->ListaProductosElim()
 7 SYSTEMPATH\CodeIgniter.php(502): CodeIgniter\CodeIgniter->runController(Object(App\Controllers\Producto_controller))
 8 SYSTEMPATH\CodeIgniter.php(361): CodeIgniter\CodeIgniter->handleRequest(null, Object(Config\Cache), false)
 9 FCPATH\index.php(79): CodeIgniter\CodeIgniter->run()
ERROR - 2024-06-17 16:03:33 --> mysqli_sql_exception: Unknown column 'd.telefono' in 'field list' in C:\xampp\htdocs\fernandez_oscar\system\Database\MySQLi\Connection.php:306
Stack trace:
#0 C:\xampp\htdocs\fernandez_oscar\system\Database\MySQLi\Connection.php(306): mysqli->query('SELECT `u`.`id`...', 0)
#1 C:\xampp\htdocs\fernandez_oscar\system\Database\BaseConnection.php(693): CodeIgniter\Database\MySQLi\Connection->execute('SELECT `u`.`id`...')
#2 C:\xampp\htdocs\fernandez_oscar\system\Database\BaseConnection.php(607): CodeIgniter\Database\BaseConnection->simpleQuery('SELECT `u`.`id`...')
#3 C:\xampp\htdocs\fernandez_oscar\system\Database\BaseBuilder.php(1616): CodeIgniter\Database\BaseConnection->query('SELECT `u`.`id`...', Array, false)
#4 C:\xampp\htdocs\fernandez_oscar\app\Controllers\Carrito_controller.php(26): CodeIgniter\Database\BaseBuilder->get()
#5 C:\xampp\htdocs\fernandez_oscar\system\CodeIgniter.php(941): App\Controllers\Carrito_controller->ListComprasCabecera()
#6 C:\xampp\htdocs\fernandez_oscar\system\CodeIgniter.php(502): CodeIgniter\CodeIgniter->runController(Object(App\Controllers\Carrito_controller))
#7 C:\xampp\htdocs\fernandez_oscar\system\CodeIgniter.php(361): CodeIgniter\CodeIgniter->handleRequest(NULL, Object(Config\Cache), false)
#8 C:\xampp\htdocs\fernandez_oscar\index.php(79): CodeIgniter\CodeIgniter->run()
#9 {main}
CRITICAL - 2024-06-17 16:03:33 --> Error: Call to a member function getResultArray() on bool
in APPPATH\Controllers\Carrito_controller.php on line 28.
 1 SYSTEMPATH\CodeIgniter.php(941): App\Controllers\Carrito_controller->ListComprasCabecera()
 2 SYSTEMPATH\CodeIgniter.php(502): CodeIgniter\CodeIgniter->runController(Object(App\Controllers\Carrito_controller))
 3 SYSTEMPATH\CodeIgniter.php(361): CodeIgniter\CodeIgniter->handleRequest(null, Object(Config\Cache), false)
 4 FCPATH\index.php(79): CodeIgniter\CodeIgniter->run()
ERROR - 2024-06-17 16:24:23 --> mysqli_sql_exception: Unknown column 'd.telefono' in 'field list' in C:\xampp\htdocs\fernandez_oscar\system\Database\MySQLi\Connection.php:306
Stack trace:
#0 C:\xampp\htdocs\fernandez_oscar\system\Database\MySQLi\Connection.php(306): mysqli->query('SELECT `u`.`id`...', 0)
#1 C:\xampp\htdocs\fernandez_oscar\system\Database\BaseConnection.php(693): CodeIgniter\Database\MySQLi\Connection->execute('SELECT `u`.`id`...')
#2 C:\xampp\htdocs\fernandez_oscar\system\Database\BaseConnection.php(607): CodeIgniter\Database\BaseConnection->simpleQuery('SELECT `u`.`id`...')
#3 C:\xampp\htdocs\fernandez_oscar\system\Database\BaseBuilder.php(1616): CodeIgniter\Database\BaseConnection->query('SELECT `u`.`id`...', Array, false)
#4 C:\xampp\htdocs\fernandez_oscar\app\Controllers\Carrito_controller.php(26): CodeIgniter\Database\BaseBuilder->get()
#5 C:\xampp\htdocs\fernandez_oscar\system\CodeIgniter.php(941): App\Controllers\Carrito_controller->ListComprasCabecera()
#6 C:\xampp\htdocs\fernandez_oscar\system\CodeIgniter.php(502): CodeIgniter\CodeIgniter->runController(Object(App\Controllers\Carrito_controller))
#7 C:\xampp\htdocs\fernandez_oscar\system\CodeIgniter.php(361): CodeIgniter\CodeIgniter->handleRequest(NULL, Object(Config\Cache), false)
#8 C:\xampp\htdocs\fernandez_oscar\index.php(79): CodeIgniter\CodeIgniter->run()
#9 {main}
CRITICAL - 2024-06-17 16:24:23 --> Error: Call to a member function getResultArray() on bool
in APPPATH\Controllers\Carrito_controller.php on line 28.
 1 SYSTEMPATH\CodeIgniter.php(941): App\Controllers\Carrito_controller->ListComprasCabecera()
 2 SYSTEMPATH\CodeIgniter.php(502): CodeIgniter\CodeIgniter->runController(Object(App\Controllers\Carrito_controller))
 3 SYSTEMPATH\CodeIgniter.php(361): CodeIgniter\CodeIgniter->handleRequest(null, Object(Config\Cache), false)
 4 FCPATH\index.php(79): CodeIgniter\CodeIgniter->run()
ERROR - 2024-06-17 16:30:52 --> mysqli_sql_exception: Unknown column 'd.telefono' in 'field list' in C:\xampp\htdocs\fernandez_oscar\system\Database\MySQLi\Connection.php:306
Stack trace:
#0 C:\xampp\htdocs\fernandez_oscar\system\Database\MySQLi\Connection.php(306): mysqli->query('SELECT `u`.`id`...', 0)
#1 C:\xampp\htdocs\fernandez_oscar\system\Database\BaseConnection.php(693): CodeIgniter\Database\MySQLi\Connection->execute('SELECT `u`.`id`...')
#2 C:\xampp\htdocs\fernandez_oscar\system\Database\BaseConnection.php(607): CodeIgniter\Database\BaseConnection->simpleQuery('SELECT `u`.`id`...')
#3 C:\xampp\htdocs\fernandez_oscar\system\Database\BaseBuilder.php(1616): CodeIgniter\Database\BaseConnection->query('SELECT `u`.`id`...', Array, false)
#4 C:\xampp\htdocs\fernandez_oscar\app\Controllers\Carrito_controller.php(26): CodeIgniter\Database\BaseBuilder->get()
#5 C:\xampp\htdocs\fernandez_oscar\system\CodeIgniter.php(941): App\Controllers\Carrito_controller->ListComprasCabecera()
#6 C:\xampp\htdocs\fernandez_oscar\system\CodeIgniter.php(502): CodeIgniter\CodeIgniter->runController(Object(App\Controllers\Carrito_controller))
#7 C:\xampp\htdocs\fernandez_oscar\system\CodeIgniter.php(361): CodeIgniter\CodeIgniter->handleRequest(NULL, Object(Config\Cache), false)
#8 C:\xampp\htdocs\fernandez_oscar\index.php(79): CodeIgniter\CodeIgniter->run()
#9 {main}
CRITICAL - 2024-06-17 16:30:52 --> Error: Call to a member function getResultArray() on bool
in APPPATH\Controllers\Carrito_controller.php on line 28.
 1 SYSTEMPATH\CodeIgniter.php(941): App\Controllers\Carrito_controller->ListComprasCabecera()
 2 SYSTEMPATH\CodeIgniter.php(502): CodeIgniter\CodeIgniter->runController(Object(App\Controllers\Carrito_controller))
 3 SYSTEMPATH\CodeIgniter.php(361): CodeIgniter\CodeIgniter->handleRequest(null, Object(Config\Cache), false)
 4 FCPATH\index.php(79): CodeIgniter\CodeIgniter->run()
CRITICAL - 2024-06-17 16:59:31 --> ErrorException: Undefined variable $id
in APPPATH\Views\panel.php on line 68.
 1 APPPATH\Views\panel.php(68): CodeIgniter\Debug\Exceptions->errorHandler(2, 'Undefined variable $id', 'C:\\xampp\\htdocs\\fernandez_oscar\\app\\Views\\panel.php', 68)
 2 SYSTEMPATH\View\View.php(228): include('C:\\xampp\\htdocs\\fernandez_oscar\\app\\Views\\panel.php')
 3 SYSTEMPATH\View\View.php(231): CodeIgniter\View\View->CodeIgniter\View\{closure}()
 4 SYSTEMPATH\Common.php(1178): CodeIgniter\View\View->render('panel', [], true)
 5 APPPATH\Controllers\panel_controller.php(41): view('panel', [...])
 6 SYSTEMPATH\CodeIgniter.php(941): App\Controllers\panel_controller->index()
 7 SYSTEMPATH\CodeIgniter.php(502): CodeIgniter\CodeIgniter->runController(Object(App\Controllers\panel_controller))
 8 SYSTEMPATH\CodeIgniter.php(361): CodeIgniter\CodeIgniter->handleRequest(null, Object(Config\Cache), false)
 9 FCPATH\index.php(79): CodeIgniter\CodeIgniter->run()
CRITICAL - 2024-06-17 17:10:20 --> ErrorException: Undefined variable $id_usuario
in APPPATH\Views\panel.php on line 68.
 1 APPPATH\Views\panel.php(68): CodeIgniter\Debug\Exceptions->errorHandler(2, 'Undefined variable $id_usuario', 'C:\\xampp\\htdocs\\fernandez_oscar\\app\\Views\\panel.php', 68)
 2 SYSTEMPATH\View\View.php(228): include('C:\\xampp\\htdocs\\fernandez_oscar\\app\\Views\\panel.php')
 3 SYSTEMPATH\View\View.php(231): CodeIgniter\View\View->CodeIgniter\View\{closure}()
 4 SYSTEMPATH\Common.php(1178): CodeIgniter\View\View->render('panel', [], true)
 5 APPPATH\Controllers\panel_controller.php(41): view('panel', [...])
 6 SYSTEMPATH\CodeIgniter.php(941): App\Controllers\panel_controller->index()
 7 SYSTEMPATH\CodeIgniter.php(502): CodeIgniter\CodeIgniter->runController(Object(App\Controllers\panel_controller))
 8 SYSTEMPATH\CodeIgniter.php(361): CodeIgniter\CodeIgniter->handleRequest(null, Object(Config\Cache), false)
 9 FCPATH\index.php(79): CodeIgniter\CodeIgniter->run()
